mode: atomic
github.com/dukex/operion/pkg/models/conditional_expression.go:12.56,14.2 1 1
github.com/dukex/operion/pkg/models/conditional_expression.go:16.101,17.44 1 8
github.com/dukex/operion/pkg/models/conditional_expression.go:17.44,19.3 1 1
github.com/dukex/operion/pkg/models/conditional_expression.go:21.2,21.20 1 7
github.com/dukex/operion/pkg/models/conditional_expression.go:22.16,23.38 1 5
github.com/dukex/operion/pkg/models/conditional_expression.go:28.10,29.79 1 2
github.com/dukex/operion/pkg/models/conditional_expression.go:34.107,36.24 1 5
github.com/dukex/operion/pkg/models/conditional_expression.go:36.24,38.3 1 1
github.com/dukex/operion/pkg/models/conditional_expression.go:41.2,41.28 1 4
github.com/dukex/operion/pkg/models/conditional_expression.go:41.28,43.3 1 1
github.com/dukex/operion/pkg/models/conditional_expression.go:44.2,44.29 1 3
github.com/dukex/operion/pkg/models/conditional_expression.go:44.29,46.3 1 1
github.com/dukex/operion/pkg/models/conditional_expression.go:49.2,49.110 1 2
github.com/dukex/operion/pkg/models/conditional_expression.go:53.86,55.44 1 11
github.com/dukex/operion/pkg/models/conditional_expression.go:55.44,57.3 1 0
github.com/dukex/operion/pkg/models/conditional_expression.go:59.2,59.20 1 11
github.com/dukex/operion/pkg/models/conditional_expression.go:60.16,62.29 1 11
github.com/dukex/operion/pkg/models/conditional_expression.go:62.29,64.4 1 0
github.com/dukex/operion/pkg/models/conditional_expression.go:65.3,65.30 1 11
github.com/dukex/operion/pkg/models/conditional_expression.go:65.30,67.4 1 0
github.com/dukex/operion/pkg/models/conditional_expression.go:70.3,70.42 1 11
github.com/dukex/operion/pkg/models/conditional_expression.go:75.10,76.79 1 0
github.com/dukex/operion/pkg/models/conditional_expression.go:81.48,82.27 1 29
github.com/dukex/operion/pkg/models/conditional_expression.go:83.12,84.16 1 4
github.com/dukex/operion/pkg/models/conditional_expression.go:85.14,87.17 2 8
github.com/dukex/operion/pkg/models/conditional_expression.go:87.17,89.4 1 2
github.com/dukex/operion/pkg/models/conditional_expression.go:90.3,90.21 1 6
github.com/dukex/operion/pkg/models/conditional_expression.go:91.11,92.21 1 5
github.com/dukex/operion/pkg/models/conditional_expression.go:93.13,94.21 1 3
github.com/dukex/operion/pkg/models/conditional_expression.go:95.15,96.21 1 5
github.com/dukex/operion/pkg/models/conditional_expression.go:97.10,98.66 1 4
