mode: atomic
github.com/dukex/operion/pkg/workflow/executor.go:33.13,38.2 1 16
github.com/dukex/operion/pkg/workflow/executor.go:40.141,46.16 4 3
github.com/dukex/operion/pkg/workflow/executor.go:46.16,49.3 2 0
github.com/dukex/operion/pkg/workflow/executor.go:51.2,53.34 2 3
github.com/dukex/operion/pkg/workflow/executor.go:53.34,56.3 2 1
github.com/dukex/operion/pkg/workflow/executor.go:59.2,74.8 2 2
github.com/dukex/operion/pkg/workflow/executor.go:78.27,80.12 2 12
github.com/dukex/operion/pkg/workflow/executor.go:80.12,82.3 1 1
github.com/dukex/operion/pkg/workflow/executor.go:84.2,89.19 2 11
github.com/dukex/operion/pkg/workflow/executor.go:89.19,93.3 2 1
github.com/dukex/operion/pkg/workflow/executor.go:95.2,98.74 2 10
github.com/dukex/operion/pkg/workflow/executor.go:98.74,103.86 3 6
github.com/dukex/operion/pkg/workflow/executor.go:103.86,105.4 1 0
github.com/dukex/operion/pkg/workflow/executor.go:105.9,108.26 2 6
github.com/dukex/operion/pkg/workflow/executor.go:108.26,120.5 2 0
github.com/dukex/operion/pkg/workflow/executor.go:122.4,122.76 1 6
github.com/dukex/operion/pkg/workflow/executor.go:125.3,125.17 1 6
github.com/dukex/operion/pkg/workflow/executor.go:125.17,137.4 2 1
github.com/dukex/operion/pkg/workflow/executor.go:139.3,139.21 1 5
github.com/dukex/operion/pkg/workflow/executor.go:139.21,151.4 2 1
github.com/dukex/operion/pkg/workflow/executor.go:156.2,157.16 2 8
github.com/dukex/operion/pkg/workflow/executor.go:157.16,170.3 2 1
github.com/dukex/operion/pkg/workflow/executor.go:172.2,172.37 1 7
github.com/dukex/operion/pkg/workflow/executor.go:172.37,174.3 1 1
github.com/dukex/operion/pkg/workflow/executor.go:175.2,187.8 3 7
github.com/dukex/operion/pkg/workflow/executor.go:196.20,201.12 3 11
github.com/dukex/operion/pkg/workflow/executor.go:201.12,209.3 2 3
github.com/dukex/operion/pkg/workflow/executor.go:209.8,218.3 2 8
github.com/dukex/operion/pkg/workflow/executor.go:220.2,220.27 1 11
github.com/dukex/operion/pkg/workflow/executor.go:240.107,241.29 1 12
github.com/dukex/operion/pkg/workflow/executor.go:241.29,242.24 1 11
github.com/dukex/operion/pkg/workflow/executor.go:242.24,244.4 1 11
github.com/dukex/operion/pkg/workflow/executor.go:246.2,246.19 1 1
github.com/dukex/operion/pkg/workflow/executor.go:249.155,250.23 1 8
github.com/dukex/operion/pkg/workflow/executor.go:250.23,253.3 1 0
github.com/dukex/operion/pkg/workflow/executor.go:255.2,264.16 6 8
github.com/dukex/operion/pkg/workflow/executor.go:264.16,267.3 1 1
github.com/dukex/operion/pkg/workflow/executor.go:269.2,270.16 2 7
github.com/dukex/operion/pkg/workflow/executor.go:270.16,273.3 1 0
github.com/dukex/operion/pkg/workflow/executor.go:275.2,276.20 2 7
github.com/dukex/operion/pkg/workflow/executor.go:279.90,280.38 1 11
github.com/dukex/operion/pkg/workflow/executor.go:280.38,282.3 1 6
github.com/dukex/operion/pkg/workflow/executor.go:282.8,282.46 1 5
github.com/dukex/operion/pkg/workflow/executor.go:282.46,284.3 1 2
github.com/dukex/operion/pkg/workflow/executor.go:287.2,287.18 1 3
github.com/dukex/operion/pkg/workflow/executor.go:290.35,292.2 1 2
github.com/dukex/operion/pkg/workflow/executor.go:294.107,311.2 2 6
github.com/dukex/operion/pkg/workflow/executor.go:313.37,315.35 2 6
github.com/dukex/operion/pkg/workflow/executor.go:315.35,316.58 1 450
github.com/dukex/operion/pkg/workflow/executor.go:316.58,318.4 1 450
github.com/dukex/operion/pkg/workflow/executor.go:320.2,320.16 1 6
github.com/dukex/operion/pkg/workflow/executor.go:323.64,327.25 1 6
github.com/dukex/operion/pkg/workflow/executor.go:327.25,329.5 1 0
github.com/dukex/operion/pkg/workflow/executor.go:330.30,331.17 1 0
github.com/dukex/operion/pkg/workflow/executor.go:331.17,333.6 1 0
github.com/dukex/operion/pkg/workflow/executor.go:334.5,336.19 3 0
github.com/dukex/operion/pkg/workflow/executor.go:336.19,338.6 1 0
github.com/dukex/operion/pkg/workflow/executor.go:339.5,339.29 1 0
github.com/dukex/operion/pkg/workflow/executor.go:343.2,343.16 1 6
github.com/dukex/operion/pkg/workflow/executor.go:343.16,345.3 1 0
github.com/dukex/operion/pkg/workflow/executor.go:347.2,349.16 3 6
github.com/dukex/operion/pkg/workflow/executor.go:349.16,351.3 1 0
github.com/dukex/operion/pkg/workflow/executor.go:353.2,358.70 3 6
github.com/dukex/operion/pkg/workflow/executor.go:358.70,363.17 3 0
github.com/dukex/operion/pkg/workflow/executor.go:363.17,365.4 1 0
github.com/dukex/operion/pkg/workflow/executor.go:367.3,367.83 1 0
github.com/dukex/operion/pkg/workflow/executor.go:371.2,371.60 1 6
github.com/dukex/operion/pkg/workflow/executor.go:371.60,373.3 1 0
github.com/dukex/operion/pkg/workflow/executor.go:376.2,376.53 1 6
github.com/dukex/operion/pkg/workflow/executor.go:376.53,378.3 1 5
github.com/dukex/operion/pkg/workflow/executor.go:381.2,381.20 1 1
github.com/dukex/operion/pkg/workflow/repository.go:16.69,20.2 1 23
github.com/dukex/operion/pkg/workflow/repository.go:22.51,23.26 1 0
github.com/dukex/operion/pkg/workflow/repository.go:23.26,25.3 1 0
github.com/dukex/operion/pkg/workflow/repository.go:27.2,27.52 1 0
github.com/dukex/operion/pkg/workflow/repository.go:27.52,29.3 1 0
github.com/dukex/operion/pkg/workflow/repository.go:31.2,31.45 1 0
github.com/dukex/operion/pkg/workflow/repository.go:34.61,37.16 2 1
github.com/dukex/operion/pkg/workflow/repository.go:37.16,39.3 1 0
github.com/dukex/operion/pkg/workflow/repository.go:41.2,41.23 1 1
github.com/dukex/operion/pkg/workflow/repository.go:44.69,47.16 2 7
github.com/dukex/operion/pkg/workflow/repository.go:47.16,49.3 1 0
github.com/dukex/operion/pkg/workflow/repository.go:51.2,51.21 1 7
github.com/dukex/operion/pkg/workflow/repository.go:51.21,53.3 1 2
github.com/dukex/operion/pkg/workflow/repository.go:55.2,55.22 1 5
github.com/dukex/operion/pkg/workflow/repository.go:58.82,59.23 1 17
github.com/dukex/operion/pkg/workflow/repository.go:59.23,61.3 1 1
github.com/dukex/operion/pkg/workflow/repository.go:63.2,67.27 4 17
github.com/dukex/operion/pkg/workflow/repository.go:67.27,69.3 1 13
github.com/dukex/operion/pkg/workflow/repository.go:71.2,72.16 2 17
github.com/dukex/operion/pkg/workflow/repository.go:72.16,74.3 1 0
github.com/dukex/operion/pkg/workflow/repository.go:76.2,76.22 1 17
github.com/dukex/operion/pkg/workflow/repository.go:79.93,81.16 2 2
github.com/dukex/operion/pkg/workflow/repository.go:81.16,83.3 1 0
github.com/dukex/operion/pkg/workflow/repository.go:85.2,85.21 1 2
github.com/dukex/operion/pkg/workflow/repository.go:85.21,87.3 1 1
github.com/dukex/operion/pkg/workflow/repository.go:89.2,94.16 5 1
github.com/dukex/operion/pkg/workflow/repository.go:94.16,96.3 1 0
github.com/dukex/operion/pkg/workflow/repository.go:98.2,98.22 1 1
github.com/dukex/operion/pkg/workflow/repository.go:101.46,103.16 2 16
github.com/dukex/operion/pkg/workflow/repository.go:103.16,105.3 1 0
github.com/dukex/operion/pkg/workflow/repository.go:107.2,107.21 1 16
github.com/dukex/operion/pkg/workflow/repository.go:107.21,109.3 1 1
github.com/dukex/operion/pkg/workflow/repository.go:111.2,111.41 1 15
