mode: atomic
github.com/dukex/operion/pkg/providers/kafka/persistence/file.go:21.67,22.51 1 12
github.com/dukex/operion/pkg/providers/kafka/persistence/file.go:22.51,24.3 1 0
github.com/dukex/operion/pkg/providers/kafka/persistence/file.go:26.2,32.46 2 12
github.com/dukex/operion/pkg/providers/kafka/persistence/file.go:32.46,34.3 1 0
github.com/dukex/operion/pkg/providers/kafka/persistence/file.go:36.2,36.16 1 12
github.com/dukex/operion/pkg/providers/kafka/persistence/file.go:40.78,47.2 4 15
github.com/dukex/operion/pkg/providers/kafka/persistence/file.go:50.84,55.13 4 17
github.com/dukex/operion/pkg/providers/kafka/persistence/file.go:55.13,57.3 1 2
github.com/dukex/operion/pkg/providers/kafka/persistence/file.go:59.2,59.20 1 15
github.com/dukex/operion/pkg/providers/kafka/persistence/file.go:64.120,70.41 4 3
github.com/dukex/operion/pkg/providers/kafka/persistence/file.go:70.41,71.56 1 9
github.com/dukex/operion/pkg/providers/kafka/persistence/file.go:71.56,73.4 1 3
github.com/dukex/operion/pkg/providers/kafka/persistence/file.go:76.2,76.21 1 3
github.com/dukex/operion/pkg/providers/kafka/persistence/file.go:80.74,85.41 4 18
github.com/dukex/operion/pkg/providers/kafka/persistence/file.go:85.41,87.3 1 19
github.com/dukex/operion/pkg/providers/kafka/persistence/file.go:89.2,89.21 1 18
github.com/dukex/operion/pkg/providers/kafka/persistence/file.go:93.80,99.41 4 11
github.com/dukex/operion/pkg/providers/kafka/persistence/file.go:99.41,100.20 1 12
github.com/dukex/operion/pkg/providers/kafka/persistence/file.go:100.20,102.4 1 11
github.com/dukex/operion/pkg/providers/kafka/persistence/file.go:105.2,105.27 1 11
github.com/dukex/operion/pkg/providers/kafka/persistence/file.go:109.63,116.2 4 2
github.com/dukex/operion/pkg/providers/kafka/persistence/file.go:119.48,121.55 1 2
github.com/dukex/operion/pkg/providers/kafka/persistence/file.go:121.55,123.3 1 1
github.com/dukex/operion/pkg/providers/kafka/persistence/file.go:125.2,125.12 1 1
github.com/dukex/operion/pkg/providers/kafka/persistence/file.go:129.42,134.2 3 12
github.com/dukex/operion/pkg/providers/kafka/persistence/file.go:137.53,140.56 2 12
github.com/dukex/operion/pkg/providers/kafka/persistence/file.go:140.56,143.3 1 11
github.com/dukex/operion/pkg/providers/kafka/persistence/file.go:145.2,146.16 2 1
github.com/dukex/operion/pkg/providers/kafka/persistence/file.go:146.16,148.3 1 0
github.com/dukex/operion/pkg/providers/kafka/persistence/file.go:150.2,151.55 2 1
github.com/dukex/operion/pkg/providers/kafka/persistence/file.go:151.55,153.3 1 0
github.com/dukex/operion/pkg/providers/kafka/persistence/file.go:156.2,156.33 1 1
github.com/dukex/operion/pkg/providers/kafka/persistence/file.go:156.33,158.3 1 2
github.com/dukex/operion/pkg/providers/kafka/persistence/file.go:160.2,160.12 1 1
github.com/dukex/operion/pkg/providers/kafka/persistence/file.go:164.59,169.41 3 29
github.com/dukex/operion/pkg/providers/kafka/persistence/file.go:169.41,171.3 1 39
github.com/dukex/operion/pkg/providers/kafka/persistence/file.go:173.2,174.16 2 29
github.com/dukex/operion/pkg/providers/kafka/persistence/file.go:174.16,176.3 1 0
github.com/dukex/operion/pkg/providers/kafka/persistence/file.go:178.2,178.62 1 29
github.com/dukex/operion/pkg/providers/kafka/persistence/file.go:178.62,180.3 1 0
github.com/dukex/operion/pkg/providers/kafka/persistence/file.go:182.2,182.12 1 29
github.com/dukex/operion/pkg/providers/kafka/models/kafka_source.go:66.90,67.20 1 14
github.com/dukex/operion/pkg/providers/kafka/models/kafka_source.go:67.20,69.3 1 1
github.com/dukex/operion/pkg/providers/kafka/models/kafka_source.go:71.2,71.26 1 13
github.com/dukex/operion/pkg/providers/kafka/models/kafka_source.go:71.26,73.3 1 0
github.com/dukex/operion/pkg/providers/kafka/models/kafka_source.go:75.2,79.16 3 13
github.com/dukex/operion/pkg/providers/kafka/models/kafka_source.go:79.16,81.3 1 4
github.com/dukex/operion/pkg/providers/kafka/models/kafka_source.go:84.2,98.63 3 9
github.com/dukex/operion/pkg/providers/kafka/models/kafka_source.go:98.63,100.3 1 2
github.com/dukex/operion/pkg/providers/kafka/models/kafka_source.go:102.2,102.20 1 9
github.com/dukex/operion/pkg/providers/kafka/models/kafka_source.go:106.81,110.49 2 14
github.com/dukex/operion/pkg/providers/kafka/models/kafka_source.go:110.49,111.56 1 13
github.com/dukex/operion/pkg/providers/kafka/models/kafka_source.go:111.56,113.4 1 12
github.com/dukex/operion/pkg/providers/kafka/models/kafka_source.go:113.9,115.4 1 1
github.com/dukex/operion/pkg/providers/kafka/models/kafka_source.go:116.8,118.3 1 1
github.com/dukex/operion/pkg/providers/kafka/models/kafka_source.go:121.2,121.53 1 12
github.com/dukex/operion/pkg/providers/kafka/models/kafka_source.go:121.53,122.62 1 11
github.com/dukex/operion/pkg/providers/kafka/models/kafka_source.go:122.62,124.4 1 10
github.com/dukex/operion/pkg/providers/kafka/models/kafka_source.go:124.9,126.4 1 1
github.com/dukex/operion/pkg/providers/kafka/models/kafka_source.go:127.8,129.3 1 1
github.com/dukex/operion/pkg/providers/kafka/models/kafka_source.go:132.2,132.66 1 10
github.com/dukex/operion/pkg/providers/kafka/models/kafka_source.go:132.66,133.57 1 2
github.com/dukex/operion/pkg/providers/kafka/models/kafka_source.go:133.57,135.4 1 2
github.com/dukex/operion/pkg/providers/kafka/models/kafka_source.go:139.2,139.57 1 10
github.com/dukex/operion/pkg/providers/kafka/models/kafka_source.go:139.57,140.56 1 1
github.com/dukex/operion/pkg/providers/kafka/models/kafka_source.go:140.56,142.4 1 1
github.com/dukex/operion/pkg/providers/kafka/models/kafka_source.go:145.2,145.21 1 10
github.com/dukex/operion/pkg/providers/kafka/models/kafka_source.go:149.62,150.56 1 20
github.com/dukex/operion/pkg/providers/kafka/models/kafka_source.go:150.56,151.51 1 6
github.com/dukex/operion/pkg/providers/kafka/models/kafka_source.go:151.51,153.4 1 6
github.com/dukex/operion/pkg/providers/kafka/models/kafka_source.go:155.2,155.12 1 14
github.com/dukex/operion/pkg/providers/kafka/models/kafka_source.go:159.91,167.19 5 14
github.com/dukex/operion/pkg/providers/kafka/models/kafka_source.go:167.19,170.3 2 4
github.com/dukex/operion/pkg/providers/kafka/models/kafka_source.go:173.2,173.27 1 14
github.com/dukex/operion/pkg/providers/kafka/models/kafka_source.go:173.27,176.3 2 1
github.com/dukex/operion/pkg/providers/kafka/models/kafka_source.go:179.2,181.38 3 14
github.com/dukex/operion/pkg/providers/kafka/models/kafka_source.go:185.41,186.17 1 6
github.com/dukex/operion/pkg/providers/kafka/models/kafka_source.go:186.17,188.3 1 1
github.com/dukex/operion/pkg/providers/kafka/models/kafka_source.go:190.2,190.31 1 5
github.com/dukex/operion/pkg/providers/kafka/models/kafka_source.go:190.31,192.3 1 1
github.com/dukex/operion/pkg/providers/kafka/models/kafka_source.go:194.2,194.34 1 4
github.com/dukex/operion/pkg/providers/kafka/models/kafka_source.go:194.34,196.3 1 1
github.com/dukex/operion/pkg/providers/kafka/models/kafka_source.go:199.2,199.38 1 3
github.com/dukex/operion/pkg/providers/kafka/models/kafka_source.go:199.38,201.3 1 1
github.com/dukex/operion/pkg/providers/kafka/models/kafka_source.go:203.2,203.40 1 2
github.com/dukex/operion/pkg/providers/kafka/models/kafka_source.go:203.40,205.3 1 1
github.com/dukex/operion/pkg/providers/kafka/models/kafka_source.go:207.2,207.12 1 1
github.com/dukex/operion/pkg/providers/kafka/models/kafka_source.go:211.50,212.46 1 2
github.com/dukex/operion/pkg/providers/kafka/models/kafka_source.go:212.46,214.3 1 1
github.com/dukex/operion/pkg/providers/kafka/models/kafka_source.go:216.2,216.50 1 1
github.com/dukex/operion/pkg/providers/kafka/models/kafka_source.go:220.45,222.2 1 5
github.com/dukex/operion/pkg/providers/kafka/models/kafka_source.go:225.73,228.16 2 1
github.com/dukex/operion/pkg/providers/kafka/models/kafka_source.go:228.16,230.3 1 0
github.com/dukex/operion/pkg/providers/kafka/models/kafka_source.go:233.2,239.56 5 1
github.com/dukex/operion/pkg/providers/kafka/models/kafka_source.go:239.56,241.3 1 1
github.com/dukex/operion/pkg/providers/kafka/models/kafka_source.go:241.8,243.3 1 0
github.com/dukex/operion/pkg/providers/kafka/models/kafka_source.go:245.2,245.12 1 1
github.com/dukex/operion/pkg/providers/kafka/models/kafka_source.go:249.70,251.2 1 2
github.com/dukex/operion/pkg/providers/kafka/models/kafka_source.go:254.54,266.2 2 1
github.com/dukex/operion/pkg/providers/kafka/models/kafka_source.go:269.57,280.51 3 1
github.com/dukex/operion/pkg/providers/kafka/models/kafka_source.go:280.51,282.3 1 0
github.com/dukex/operion/pkg/providers/kafka/models/kafka_source.go:284.2,285.25 2 1
github.com/dukex/operion/pkg/providers/kafka/models/kafka_source.go:285.25,287.17 2 1
github.com/dukex/operion/pkg/providers/kafka/models/kafka_source.go:287.17,289.4 1 0
github.com/dukex/operion/pkg/providers/kafka/models/kafka_source.go:292.2,292.25 1 1
github.com/dukex/operion/pkg/providers/kafka/models/kafka_source.go:292.25,294.17 2 1
github.com/dukex/operion/pkg/providers/kafka/models/kafka_source.go:294.17,296.4 1 0
github.com/dukex/operion/pkg/providers/kafka/models/kafka_source.go:299.2,299.12 1 1
github.com/dukex/operion/pkg/providers/kafka/factory.go:13.54,15.2 1 10
github.com/dukex/operion/pkg/providers/kafka/factory.go:18.110,24.2 1 5
github.com/dukex/operion/pkg/providers/kafka/factory.go:27.44,29.2 1 2
github.com/dukex/operion/pkg/providers/kafka/factory.go:32.46,34.2 1 2
github.com/dukex/operion/pkg/providers/kafka/factory.go:37.53,39.2 1 2
github.com/dukex/operion/pkg/providers/kafka/factory.go:42.56,233.2 1 4
github.com/dukex/operion/pkg/providers/kafka/factory.go:236.54,238.2 1 2
github.com/dukex/operion/pkg/providers/kafka/provider.go:47.97,51.15 3 2
github.com/dukex/operion/pkg/providers/kafka/provider.go:51.15,53.3 1 1
github.com/dukex/operion/pkg/providers/kafka/provider.go:55.2,59.64 3 1
github.com/dukex/operion/pkg/providers/kafka/provider.go:59.64,60.70 1 0
github.com/dukex/operion/pkg/providers/kafka/provider.go:60.70,66.4 2 0
github.com/dukex/operion/pkg/providers/kafka/provider.go:69.2,73.16 3 1
github.com/dukex/operion/pkg/providers/kafka/provider.go:73.16,76.3 2 0
github.com/dukex/operion/pkg/providers/kafka/provider.go:76.8,80.3 1 1
github.com/dukex/operion/pkg/providers/kafka/provider.go:82.2,82.12 1 1
github.com/dukex/operion/pkg/providers/kafka/provider.go:86.57,90.16 3 2
github.com/dukex/operion/pkg/providers/kafka/provider.go:90.16,92.3 1 1
github.com/dukex/operion/pkg/providers/kafka/provider.go:94.2,97.64 2 1
github.com/dukex/operion/pkg/providers/kafka/provider.go:97.64,98.64 1 0
github.com/dukex/operion/pkg/providers/kafka/provider.go:98.64,102.4 1 0
github.com/dukex/operion/pkg/providers/kafka/provider.go:105.2,108.12 3 1
github.com/dukex/operion/pkg/providers/kafka/provider.go:112.42,114.26 1 2
github.com/dukex/operion/pkg/providers/kafka/provider.go:114.26,116.3 1 1
github.com/dukex/operion/pkg/providers/kafka/provider.go:118.2,118.12 1 1
github.com/dukex/operion/pkg/providers/kafka/provider.go:124.91,130.26 4 14
github.com/dukex/operion/pkg/providers/kafka/provider.go:130.26,132.3 1 1
github.com/dukex/operion/pkg/providers/kafka/provider.go:134.2,135.16 2 13
github.com/dukex/operion/pkg/providers/kafka/provider.go:135.16,137.3 1 1
github.com/dukex/operion/pkg/providers/kafka/provider.go:139.2,143.12 3 12
github.com/dukex/operion/pkg/providers/kafka/provider.go:147.92,156.31 6 9
github.com/dukex/operion/pkg/providers/kafka/provider.go:156.31,157.47 1 9
github.com/dukex/operion/pkg/providers/kafka/provider.go:157.47,158.12 1 1
github.com/dukex/operion/pkg/providers/kafka/provider.go:161.3,161.47 1 8
github.com/dukex/operion/pkg/providers/kafka/provider.go:161.47,162.37 1 11
github.com/dukex/operion/pkg/providers/kafka/provider.go:162.37,163.74 1 10
github.com/dukex/operion/pkg/providers/kafka/provider.go:163.74,166.6 2 10
github.com/dukex/operion/pkg/providers/kafka/provider.go:172.2,172.51 1 9
github.com/dukex/operion/pkg/providers/kafka/provider.go:172.51,176.3 2 0
github.com/dukex/operion/pkg/providers/kafka/provider.go:178.2,182.29 2 9
github.com/dukex/operion/pkg/providers/kafka/provider.go:186.60,187.26 1 3
github.com/dukex/operion/pkg/providers/kafka/provider.go:187.26,189.3 1 1
github.com/dukex/operion/pkg/providers/kafka/provider.go:191.2,193.12 2 2
github.com/dukex/operion/pkg/providers/kafka/provider.go:198.104,200.20 2 10
github.com/dukex/operion/pkg/providers/kafka/provider.go:200.20,207.3 2 1
github.com/dukex/operion/pkg/providers/kafka/provider.go:210.2,211.16 2 10
github.com/dukex/operion/pkg/providers/kafka/provider.go:211.16,217.3 2 0
github.com/dukex/operion/pkg/providers/kafka/provider.go:219.2,219.27 1 10
github.com/dukex/operion/pkg/providers/kafka/provider.go:219.27,222.83 2 1
github.com/dukex/operion/pkg/providers/kafka/provider.go:222.83,228.4 2 0
github.com/dukex/operion/pkg/providers/kafka/provider.go:231.3,231.71 1 1
github.com/dukex/operion/pkg/providers/kafka/provider.go:231.71,235.4 1 0
github.com/dukex/operion/pkg/providers/kafka/provider.go:237.3,237.18 1 1
github.com/dukex/operion/pkg/providers/kafka/provider.go:241.2,242.16 2 9
github.com/dukex/operion/pkg/providers/kafka/provider.go:242.16,248.3 2 0
github.com/dukex/operion/pkg/providers/kafka/provider.go:251.2,251.62 1 9
github.com/dukex/operion/pkg/providers/kafka/provider.go:251.62,257.3 2 0
github.com/dukex/operion/pkg/providers/kafka/provider.go:259.2,265.17 2 9
github.com/dukex/operion/pkg/providers/kafka/provider.go:269.56,272.16 2 9
github.com/dukex/operion/pkg/providers/kafka/provider.go:272.16,274.3 1 0
github.com/dukex/operion/pkg/providers/kafka/provider.go:277.2,278.33 2 9
github.com/dukex/operion/pkg/providers/kafka/provider.go:278.33,283.3 1 9
github.com/dukex/operion/pkg/providers/kafka/provider.go:286.2,286.71 1 9
github.com/dukex/operion/pkg/providers/kafka/provider.go:286.71,287.24 1 8
github.com/dukex/operion/pkg/providers/kafka/provider.go:287.24,288.12 1 0
github.com/dukex/operion/pkg/providers/kafka/provider.go:292.3,295.74 2 8
github.com/dukex/operion/pkg/providers/kafka/provider.go:295.74,298.35 2 0
github.com/dukex/operion/pkg/providers/kafka/provider.go:298.35,300.5 1 0
github.com/dukex/operion/pkg/providers/kafka/provider.go:302.4,304.34 1 0
github.com/dukex/operion/pkg/providers/kafka/provider.go:305.9,317.35 2 8
github.com/dukex/operion/pkg/providers/kafka/provider.go:317.35,319.5 1 9
github.com/dukex/operion/pkg/providers/kafka/provider.go:321.4,326.34 2 8
github.com/dukex/operion/pkg/providers/kafka/provider.go:331.2,331.47 1 9
github.com/dukex/operion/pkg/providers/kafka/provider.go:331.47,332.76 1 8
github.com/dukex/operion/pkg/providers/kafka/provider.go:332.76,333.67 1 0
github.com/dukex/operion/pkg/providers/kafka/provider.go:333.67,334.58 1 0
github.com/dukex/operion/pkg/providers/kafka/provider.go:334.58,338.6 1 0
github.com/dukex/operion/pkg/providers/kafka/provider.go:341.4,343.50 2 0
github.com/dukex/operion/pkg/providers/kafka/provider.go:347.2,347.12 1 9
github.com/dukex/operion/pkg/providers/kafka/provider.go:351.99,362.33 8 0
github.com/dukex/operion/pkg/providers/kafka/provider.go:362.33,364.3 1 0
github.com/dukex/operion/pkg/providers/kafka/provider.go:366.2,367.16 2 0
github.com/dukex/operion/pkg/providers/kafka/provider.go:367.16,369.3 1 0
github.com/dukex/operion/pkg/providers/kafka/provider.go:371.2,385.12 7 0
github.com/dukex/operion/pkg/providers/kafka/provider.go:389.77,393.27 2 0
github.com/dukex/operion/pkg/providers/kafka/provider.go:393.27,395.3 1 0
github.com/dukex/operion/pkg/providers/kafka/provider.go:398.2,398.29 1 0
github.com/dukex/operion/pkg/providers/kafka/provider.go:398.29,399.50 1 0
github.com/dukex/operion/pkg/providers/kafka/provider.go:399.50,403.4 2 0
github.com/dukex/operion/pkg/providers/kafka/provider.go:406.2,408.12 2 0
github.com/dukex/operion/pkg/providers/kafka/provider.go:412.91,413.15 1 0
github.com/dukex/operion/pkg/providers/kafka/provider.go:413.15,414.30 1 0
github.com/dukex/operion/pkg/providers/kafka/provider.go:414.30,415.51 1 0
github.com/dukex/operion/pkg/providers/kafka/provider.go:415.51,417.5 1 0
github.com/dukex/operion/pkg/providers/kafka/provider.go:421.2,426.6 2 0
github.com/dukex/operion/pkg/providers/kafka/provider.go:426.6,427.10 1 0
github.com/dukex/operion/pkg/providers/kafka/provider.go:428.21,431.10 2 0
github.com/dukex/operion/pkg/providers/kafka/provider.go:432.11,434.18 2 0
github.com/dukex/operion/pkg/providers/kafka/provider.go:434.18,437.5 2 0
github.com/dukex/operion/pkg/providers/kafka/provider.go:443.94,444.6 1 0
github.com/dukex/operion/pkg/providers/kafka/provider.go:444.6,445.10 1 0
github.com/dukex/operion/pkg/providers/kafka/provider.go:446.43,447.18 1 0
github.com/dukex/operion/pkg/providers/kafka/provider.go:447.18,449.5 1 0
github.com/dukex/operion/pkg/providers/kafka/provider.go:450.21,451.10 1 0
github.com/dukex/operion/pkg/providers/kafka/provider.go:462.86,466.2 2 0
github.com/dukex/operion/pkg/providers/kafka/provider.go:468.88,472.2 2 0
github.com/dukex/operion/pkg/providers/kafka/provider.go:474.126,477.40 2 0
github.com/dukex/operion/pkg/providers/kafka/provider.go:477.40,484.51 2 0
github.com/dukex/operion/pkg/providers/kafka/provider.go:484.51,485.75 1 0
github.com/dukex/operion/pkg/providers/kafka/provider.go:485.75,489.5 1 0
github.com/dukex/operion/pkg/providers/kafka/provider.go:493.3,493.35 1 0
github.com/dukex/operion/pkg/providers/kafka/provider.go:496.2,496.12 1 0
github.com/dukex/operion/pkg/providers/kafka/provider.go:500.162,507.24 2 3
github.com/dukex/operion/pkg/providers/kafka/provider.go:507.24,509.3 1 3
github.com/dukex/operion/pkg/providers/kafka/provider.go:512.2,512.28 1 3
github.com/dukex/operion/pkg/providers/kafka/provider.go:512.28,516.17 3 3
github.com/dukex/operion/pkg/providers/kafka/provider.go:516.17,521.4 1 0
github.com/dukex/operion/pkg/providers/kafka/provider.go:521.9,523.4 1 3
github.com/dukex/operion/pkg/providers/kafka/provider.go:527.2,527.28 1 3
github.com/dukex/operion/pkg/providers/kafka/provider.go:527.28,528.78 1 2
github.com/dukex/operion/pkg/providers/kafka/provider.go:528.78,534.4 2 1
github.com/dukex/operion/pkg/providers/kafka/provider.go:538.2,539.41 2 2
github.com/dukex/operion/pkg/providers/kafka/provider.go:539.41,541.3 1 0
github.com/dukex/operion/pkg/providers/kafka/provider.go:544.2,555.83 2 2
github.com/dukex/operion/pkg/providers/kafka/provider.go:559.102,564.16 4 2
github.com/dukex/operion/pkg/providers/kafka/provider.go:564.16,566.3 1 0
github.com/dukex/operion/pkg/providers/kafka/provider.go:568.2,568.21 1 2
github.com/dukex/operion/pkg/providers/kafka/provider.go:568.21,570.41 2 1
github.com/dukex/operion/pkg/providers/kafka/provider.go:570.41,572.4 1 1
github.com/dukex/operion/pkg/providers/kafka/provider.go:574.3,574.85 1 1
github.com/dukex/operion/pkg/providers/kafka/provider.go:577.2,577.12 1 1
github.com/dukex/operion/pkg/providers/kafka/provider.go:581.109,585.16 3 13
github.com/dukex/operion/pkg/providers/kafka/provider.go:586.14,590.51 2 12
github.com/dukex/operion/pkg/providers/kafka/provider.go:591.32,593.79 1 0
github.com/dukex/operion/pkg/providers/kafka/provider.go:594.15,596.76 1 0
github.com/dukex/operion/pkg/providers/kafka/provider.go:597.10,598.96 1 1
github.com/dukex/operion/pkg/providers/kafka/provider.go:603.78,605.20 2 13
github.com/dukex/operion/pkg/providers/kafka/provider.go:605.20,607.3 1 0
github.com/dukex/operion/pkg/providers/kafka/provider.go:609.2,609.17 1 13
